<?xml version="1.0" encoding="UTF-8"?>
<testng-results ignored="0" total="1" passed="1" failed="0" skipped="0">
  <reporter-output>
  </reporter-output>
  <suite started-at="2022-03-29T12:52:25 IST" name="Default suite" finished-at="2022-03-29T12:56:54 IST" duration-ms="268641">
    <groups>
    </groups>
    <test started-at="2022-03-29T12:52:25 IST" name="Default test" finished-at="2022-03-29T12:56:54 IST" duration-ms="268641">
      <class name="goPadelTest.GoPadelTest">
        <test-method is-config="true" signature="suiteSetup()[pri:0, instance:goPadelTest.GoPadelTest@6b44435b]" started-at="2022-03-29T12:52:22 IST" name="suiteSetup" finished-at="2022-03-29T12:52:25 IST" duration-ms="3669" status="PASS">
          <reporter-output>
          </reporter-output>
        </test-method> <!-- suiteSetup -->
        <test-method is-config="true" signature="loadBaseUrl(java.lang.reflect.Method)[pri:0, instance:goPadelTest.GoPadelTest@6b44435b]" started-at="2022-03-29T12:52:25 IST" name="loadBaseUrl" finished-at="2022-03-29T12:52:42 IST" duration-ms="16811" status="PASS">
          <params>
            <param index="0">
              <value>
                <![CDATA[public void goPadelTest.GoPadelTest.loginTest()]]>
              </value>
            </param>
          </params>
          <reporter-output>
          </reporter-output>
        </test-method> <!-- loadBaseUrl -->
        <test-method signature="loginTest()[pri:0, instance:goPadelTest.GoPadelTest@6b44435b]" started-at="2022-03-29T12:52:42 IST" name="loginTest" finished-at="2022-03-29T12:56:54 IST" duration-ms="251761" status="PASS">
          <reporter-output>
          </reporter-output>
        </test-method> <!-- loginTest -->
      </class> <!-- goPadelTest.GoPadelTest -->
    </test> <!-- Default test -->
  </suite> <!-- Default suite -->
</testng-results>
